  Source(2).c
C:\Users\admin\Dropbox\Мой ПК (LAPTOP-7P099GCT)\Downloads\Source(2).c(61,33): warning C4013: checkWordBeginning: нет определения; предполагается "extern" с возвратом типа "int"
C:\Users\admin\Dropbox\Мой ПК (LAPTOP-7P099GCT)\Downloads\Source(2).c(83,38): warning C4047: ==: "int" отличается по уровням косвенного обращения от "char *"
C:\Users\admin\Dropbox\Мой ПК (LAPTOP-7P099GCT)\Downloads\Source(2).c(97,31): warning C4047: функция: "char *" отличается по уровням косвенного обращения от "char"
C:\Users\admin\Dropbox\Мой ПК (LAPTOP-7P099GCT)\Downloads\Source(2).c(97,28): warning C4024: findNum: различные типы для формального и фактического параметров 1
C:\Users\admin\Dropbox\Мой ПК (LAPTOP-7P099GCT)\Downloads\Source(2).c(100,10): warning C4013: _itoa: нет определения; предполагается "extern" с возвратом типа "int"
C:\Users\admin\Dropbox\Мой ПК (LAPTOP-7P099GCT)\Downloads\Source(2).c(113,57): warning C4047: =: "char" отличается по уровням косвенного обращения от "char *"
C:\Users\admin\Dropbox\Мой ПК (LAPTOP-7P099GCT)\Downloads\Source(2).c(164,22): warning C4013: atoi: нет определения; предполагается "extern" с возвратом типа "int"
C:\Users\admin\Dropbox\Мой ПК (LAPTOP-7P099GCT)\Downloads\Source(2).c(246,43): warning C4047: ==: "int" отличается по уровням косвенного обращения от "void *"
C:\Users\admin\Dropbox\Мой ПК (LAPTOP-7P099GCT)\Downloads\Source(2).c(258,28): warning C4047: функция: "char *" отличается по уровням косвенного обращения от "char"
C:\Users\admin\Dropbox\Мой ПК (LAPTOP-7P099GCT)\Downloads\Source(2).c(258,22): warning C4024: StringReplacement: различные типы для формального и фактического параметров 1
C:\Users\admin\Dropbox\Мой ПК (LAPTOP-7P099GCT)\Downloads\Source(2).c(259,39): warning C4047: =: "char" отличается по уровням косвенного обращения от "void *"
C:\Users\admin\Dropbox\Мой ПК (LAPTOP-7P099GCT)\Downloads\Source(2).c(260,39): warning C4047: =: "int" отличается по уровням косвенного обращения от "void *"
C:\Users\admin\Dropbox\Мой ПК (LAPTOP-7P099GCT)\Downloads\Source(2).c(270,34): warning C4047: =: "char" отличается по уровням косвенного обращения от "void *"
C:\Users\admin\Dropbox\Мой ПК (LAPTOP-7P099GCT)\Downloads\Source(2).c(271,34): warning C4047: =: "int" отличается по уровням косвенного обращения от "void *"
C:\Users\admin\Dropbox\Мой ПК (LAPTOP-7P099GCT)\Downloads\Source(2).c(281,32): warning C4047: функция: "LetterAndValue *" отличается по уровням косвенного обращения от "LetterAndValue (*)[10]"
C:\Users\admin\Dropbox\Мой ПК (LAPTOP-7P099GCT)\Downloads\Source(2).c(281,12): warning C4024: list_init: различные типы для формального и фактического параметров 1
C:\Users\admin\Dropbox\Мой ПК (LAPTOP-7P099GCT)\Downloads\Source(2).c(284,6): warning C4013: gets: нет определения; предполагается "extern" с возвратом типа "int"
C:\Users\admin\Dropbox\Мой ПК (LAPTOP-7P099GCT)\Downloads\Source(2).c(293,7): warning C4101: str: неиспользованная локальная переменная
  lab2_rebus_optim.vcxproj -> C:\Users\admin\programm\lab2_rebus_optim\Debug\lab2_rebus_optim.exe
